<?xml version="1.0" encoding="UTF-8"?>
<testsuite name="TC002"
           tests="2"
           failures="1"
           errors="0"
           skipped="0"
           time="20.902">
  <properties />
            <testcase name="login" time="20.440" classname="com.easy.automation.testcase.TC002">
                <failure type="org.junit.ComparisonFailure"
                  message="expected:&lt;[tru]e&gt; but was:&lt;[fals]e&gt;"
              >
<![CDATA[org.junit.ComparisonFailure: expected:<[tru]e> but was:<[fals]e>
  sun.reflect.NativeConstructorAccessorImpl.newInstance0(Native Method)
  sun.reflect.NativeConstructorAccessorImpl.newInstance(NativeConstructorAccessorImpl.java:62)
  sun.reflect.DelegatingConstructorAccessorImpl.newInstance(DelegatingConstructorAccessorImpl.java:45)
  com.easy.automation.testcase.TC002.login(TC002.java:38)
  sun.reflect.NativeMethodAccessorImpl.invoke0(Native Method)
  sun.reflect.NativeMethodAccessorImpl.invoke(NativeMethodAccessorImpl.java:62)
  sun.reflect.DelegatingMethodAccessorImpl.invoke(DelegatingMethodAccessorImpl.java:43)
  java.lang.reflect.Method.invoke(Method.java:498)
  org.testng.internal.MethodInvocationHelper.invokeMethod(MethodInvocationHelper.java:100)
  org.testng.internal.Invoker.invokeMethod(Invoker.java:646)
  org.testng.internal.Invoker.invokeTestMethod(Invoker.java:811)
  org.testng.internal.Invoker.invokeTestMethods(Invoker.java:1137)
  org.testng.internal.TestMethodWorker.invokeTestMethods(TestMethodWorker.java:129)
  org.testng.internal.TestMethodWorker.run(TestMethodWorker.java:112)
  org.testng.TestRunner.privateRun(TestRunner.java:753)
  org.testng.TestRunner.run(TestRunner.java:607)
  org.testng.SuiteRunner.runTest(SuiteRunner.java:368)
  org.testng.SuiteRunner.runSequentially(SuiteRunner.java:363)
  org.testng.SuiteRunner.privateRun(SuiteRunner.java:321)
  org.testng.SuiteRunner.run(SuiteRunner.java:270)
  org.testng.SuiteRunnerWorker.runSuite(SuiteRunnerWorker.java:52)
  org.testng.SuiteRunnerWorker.run(SuiteRunnerWorker.java:86)
  org.testng.TestNG.runSuitesSequentially(TestNG.java:1284)
  org.testng.TestNG.runSuitesLocally(TestNG.java:1209)
  org.testng.TestNG.runSuites(TestNG.java:1124)
  org.testng.TestNG.run(TestNG.java:1096)
  org.testng.IDEARemoteTestNG.run(IDEARemoteTestNG.java:72)
  org.testng.RemoteTestNGStarter.main(RemoteTestNGStarter.java:123)
]]>
      </failure>

          </testcase>
  
  
            <testcase name="navigateToLoginPage" time="0.462" classname="com.easy.automation.testcase.TC002" />
      
</testsuite>
